#
# There is insufficient memory for the Java Runtime Environment to continue.
# Native memory allocation (malloc) failed to allocate 855456 bytes for Chunk::new
# Possible reasons:
#   The system is out of physical RAM or swap space
#   The process is running with CompressedOops enabled, and the Java Heap may be blocking the growth of the native heap
# Possible solutions:
#   Reduce memory load on the system
#   Increase physical memory or swap space
#   Check if swap backing store is full
#   Decrease Java heap size (-Xmx/-Xms)
#   Decrease number of Java threads
#   Decrease Java thread stack sizes (-Xss)
#   Set larger code cache with -XX:ReservedCodeCacheSize=
#   JVM is running with Unscaled Compressed Oops mode in which the Java heap is
#     placed in the first 4GB address space. The Java Heap base address is the
#     maximum limit for the native heap growth. Please use -XX:HeapBaseMinAddress
#     to set the Java Heap base and to place the Java Heap above 4GB virtual address.
# This output file may be truncated or incomplete.
#
#  Out of Memory Error (allocation.cpp:389), pid=25484, tid=0x0000000000004804
#
# JRE version: OpenJDK Runtime Environment (8.0_242-b01) (build 1.8.0_242-release-1644-b01)
# Java VM: OpenJDK 64-Bit Server VM (25.242-b01 mixed mode windows-amd64 compressed oops)
# Failed to write core dump. Minidumps are not enabled by default on client versions of Windows
#

---------------  T H R E A D  ---------------

Current thread (0x000000001a13d800):  JavaThread "C2 CompilerThread2" daemon [_thread_in_native, id=18436, stack(0x000000001ac00000,0x000000001ad00000)]

Stack: [0x000000001ac00000,0x000000001ad00000]
[error occurred during error reporting (printing stack bounds), id 0xc0000005]

Native frames: (J=compiled Java code, j=interpreted, Vv=VM code, C=native code)


Current CompileTask:
C2: 558003 17692       4       com.android.utils.XmlUtils::append (639 bytes)


---------------  P R O C E S S  ---------------

Java Threads: ( => current thread )
  0x0000000020487800 JavaThread "WorkerExecutor Queue" [_thread_blocked, id=19240, stack(0x000000002d0a0000,0x000000002d1a0000)]
  0x000000002048d800 JavaThread "Execution worker for ':' Thread 7" [_thread_blocked, id=22964, stack(0x000000002cfa0000,0x000000002d0a0000)]
  0x0000000020486000 JavaThread "Execution worker for ':' Thread 6" [_thread_blocked, id=5832, stack(0x000000002cea0000,0x000000002cfa0000)]
  0x000000002048d000 JavaThread "Execution worker for ':' Thread 5" [_thread_blocked, id=23408, stack(0x000000002cda0000,0x000000002cea0000)]
  0x0000000020489800 JavaThread "Execution worker for ':' Thread 4" [_thread_blocked, id=3024, stack(0x000000002cca0000,0x000000002cda0000)]
  0x000000002048c000 JavaThread "Cache worker for execution history cache (C:\Users\ritik\AndroidStudioProjects\cmpt276-group-project\.gradle\6.5\executionHistory)" [_thread_blocked, id=23704, stack(0x000000002cba0000,0x000000002cca0000)]
  0x0000000020482000 JavaThread "Execution worker for ':' Thread 3" [_thread_blocked, id=23776, stack(0x000000002b440000,0x000000002b540000)]
  0x0000000020483800 JavaThread "Execution worker for ':' Thread 2" [_thread_blocked, id=15276, stack(0x000000002b340000,0x000000002b440000)]
  0x0000000020488000 JavaThread "Execution worker for ':'" [_thread_in_vm, id=18940, stack(0x000000002af60000,0x000000002b060000)]
  0x0000000020489000 JavaThread "Cache worker for file content cache (C:\Users\ritik\AndroidStudioProjects\cmpt276-group-project\.gradle\6.5\fileContent)" [_thread_blocked, id=14228, stack(0x000000002a110000,0x000000002a210000)]
  0x0000000020483000 JavaThread "Cache worker for Build Output Cleanup Cache (C:\Users\ritik\AndroidStudioProjects\cmpt276-group-project\.gradle\buildOutputCleanup)" [_thread_blocked, id=12160, stack(0x0000000029e10000,0x0000000029f10000)]
  0x0000000021f3b000 JavaThread "jar transforms Thread 276" [_thread_blocked, id=17832, stack(0x0000000029d10000,0x0000000029e10000)]
  0x0000000021f38800 JavaThread "jar transforms Thread 275" [_thread_blocked, id=14896, stack(0x0000000029c10000,0x0000000029d10000)]
  0x0000000021f3a000 JavaThread "jar transforms Thread 274" [_thread_blocked, id=10612, stack(0x0000000029b10000,0x0000000029c10000)]
  0x0000000021f3b800 JavaThread "jar transforms Thread 273" [_thread_blocked, id=24132, stack(0x0000000029910000,0x0000000029a10000)]
  0x0000000021f38000 JavaThread "jar transforms Thread 272" [_thread_blocked, id=21648, stack(0x0000000029810000,0x0000000029910000)]
  0x0000000021f37000 JavaThread "jar transforms Thread 271" [_thread_blocked, id=18724, stack(0x0000000029710000,0x0000000029810000)]
  0x0000000021f39800 JavaThread "jar transforms Thread 270" [_thread_blocked, id=24368, stack(0x0000000029610000,0x0000000029710000)]
  0x0000000021f2f800 JavaThread "jar transforms Thread 269" [_thread_blocked, id=21056, stack(0x0000000029510000,0x0000000029610000)]
  0x0000000021f33800 JavaThread "jar transforms Thread 268" [_thread_blocked, id=6236, stack(0x0000000029410000,0x0000000029510000)]
  0x0000000021f36800 JavaThread "jar transforms Thread 267" [_thread_blocked, id=23804, stack(0x0000000029310000,0x0000000029410000)]
  0x0000000021f32800 JavaThread "jar transforms Thread 266" [_thread_blocked, id=9736, stack(0x0000000029210000,0x0000000029310000)]
  0x0000000021f32000 JavaThread "jar transforms Thread 265" [_thread_blocked, id=24416, stack(0x0000000029110000,0x0000000029210000)]
  0x0000000021f35800 JavaThread "jar transforms Thread 264" [_thread_blocked, id=10376, stack(0x0000000029010000,0x0000000029110000)]
  0x0000000021f31000 JavaThread "jar transforms Thread 263" [_thread_blocked, id=23400, stack(0x0000000028f10000,0x0000000029010000)]
  0x0000000021f2e000 JavaThread "jar transforms Thread 262" [_thread_blocked, id=9160, stack(0x0000000028e10000,0x0000000028f10000)]
  0x0000000021f35000 JavaThread "jar transforms Thread 261" [_thread_blocked, id=22312, stack(0x0000000028d10000,0x0000000028e10000)]
  0x0000000021f30800 JavaThread "jar transforms Thread 260" [_thread_blocked, id=24056, stack(0x0000000028c10000,0x0000000028d10000)]
  0x000000001c6e9000 JavaThread "jar transforms Thread 259" [_thread_blocked, id=13428, stack(0x0000000028b10000,0x0000000028c10000)]
  0x000000001c6e8000 JavaThread "jar transforms Thread 258" [_thread_blocked, id=21872, stack(0x0000000028a10000,0x0000000028b10000)]
  0x000000001c6e6800 JavaThread "jar transforms Thread 257" [_thread_blocked, id=12984, stack(0x0000000028910000,0x0000000028a10000)]
  0x000000001c6df000 JavaThread "jar transforms Thread 256" [_thread_blocked, id=25004, stack(0x0000000028810000,0x0000000028910000)]
  0x000000001c6e6000 JavaThread "jar transforms Thread 255" [_thread_blocked, id=22580, stack(0x0000000028710000,0x0000000028810000)]
  0x000000001c6e5000 JavaThread "jar transforms Thread 254" [_thread_blocked, id=18052, stack(0x0000000028610000,0x0000000028710000)]
  0x000000001c6de800 JavaThread "jar transforms Thread 253" [_thread_blocked, id=25148, stack(0x0000000028510000,0x0000000028610000)]
  0x000000001c6e3800 JavaThread "jar transforms Thread 252" [_thread_blocked, id=20060, stack(0x0000000028410000,0x0000000028510000)]
  0x000000001c6e1800 JavaThread "jar transforms Thread 251" [_thread_blocked, id=17616, stack(0x0000000028310000,0x0000000028410000)]
  0x000000001c6e0000 JavaThread "jar transforms Thread 250" [_thread_blocked, id=4168, stack(0x0000000028210000,0x0000000028310000)]
  0x000000001c6dc000 JavaThread "jar transforms Thread 249" [_thread_blocked, id=9324, stack(0x0000000028110000,0x0000000028210000)]
  0x000000001c6e2000 JavaThread "jar transforms Thread 248" [_thread_blocked, id=19276, stack(0x0000000028010000,0x0000000028110000)]
  0x000000001c6da000 JavaThread "jar transforms Thread 247" [_thread_blocked, id=22220, stack(0x0000000027f10000,0x0000000028010000)]
  0x000000001c6db800 JavaThread "jar transforms Thread 246" [_thread_blocked, id=3632, stack(0x0000000027e10000,0x0000000027f10000)]
  0x000000001c6da800 JavaThread "jar transforms Thread 245" [_thread_blocked, id=12892, stack(0x0000000027d10000,0x0000000027e10000)]
  0x000000001c6dd800 JavaThread "jar transforms Thread 244" [_thread_blocked, id=1520, stack(0x0000000027c10000,0x0000000027d10000)]
  0x000000001c6dd000 JavaThread "jar transforms Thread 243" [_thread_blocked, id=1100, stack(0x0000000027b10000,0x0000000027c10000)]
  0x000000001c6e0800 JavaThread "jar transforms Thread 242" [_thread_blocked, id=14560, stack(0x0000000027a10000,0x0000000027b10000)]
  0x0000000020bbe800 JavaThread "jar transforms Thread 241" [_thread_blocked, id=19716, stack(0x0000000027910000,0x0000000027a10000)]
  0x0000000020bbc800 JavaThread "jar transforms Thread 240" [_thread_blocked, id=22500, stack(0x0000000027810000,0x0000000027910000)]
  0x0000000020bbe000 JavaThread "jar transforms Thread 239" [_thread_blocked, id=15728, stack(0x0000000027710000,0x0000000027810000)]
  0x0000000020bc0000 JavaThread "jar transforms Thread 238" [_thread_blocked, id=5052, stack(0x0000000027610000,0x0000000027710000)]
  0x0000000020bbd000 JavaThread "jar transforms Thread 237" [_thread_blocked, id=22364, stack(0x0000000027510000,0x0000000027610000)]
  0x0000000020bbb800 JavaThread "jar transforms Thread 236" [_thread_blocked, id=11168, stack(0x0000000027410000,0x0000000027510000)]
  0x0000000020bc1000 JavaThread "jar transforms Thread 235" [_thread_blocked, id=26184, stack(0x0000000027310000,0x0000000027410000)]
  0x0000000020bbb000 JavaThread "jar transforms Thread 234" [_thread_blocked, id=22012, stack(0x0000000027210000,0x0000000027310000)]
  0x0000000020bb7000 JavaThread "jar transforms Thread 233" [_thread_blocked, id=13360, stack(0x0000000027110000,0x0000000027210000)]
  0x0000000020bba000 JavaThread "jar transforms Thread 232" [_thread_blocked, id=7460, stack(0x0000000027010000,0x0000000027110000)]
  0x0000000020bb3000 JavaThread "jar transforms Thread 231" [_thread_blocked, id=8212, stack(0x0000000026f10000,0x0000000027010000)]
  0x0000000020bb7800 JavaThread "jar transforms Thread 230" [_thread_blocked, id=24004, stack(0x0000000026e10000,0x0000000026f10000)]
  0x0000000020bb6000 JavaThread "jar transforms Thread 229" [_thread_blocked, id=24528, stack(0x0000000026d10000,0x0000000026e10000)]
  0x0000000020bb2800 JavaThread "jar transforms Thread 228" [_thread_blocked, id=8244, stack(0x0000000026c10000,0x0000000026d10000)]
  0x0000000020bb8800 JavaThread "jar transforms Thread 227" [_thread_blocked, id=25800, stack(0x0000000026b10000,0x0000000026c10000)]
  0x0000000020bb4800 JavaThread "jar transforms Thread 226" [_thread_blocked, id=5900, stack(0x0000000026a10000,0x0000000026b10000)]
  0x0000000020bb4000 JavaThread "jar transforms Thread 225" [_thread_blocked, id=22268, stack(0x0000000026910000,0x0000000026a10000)]
  0x0000000020bb9800 JavaThread "jar transforms Thread 224" [_thread_blocked, id=25064, stack(0x0000000026810000,0x0000000026910000)]
  0x0000000020bb1800 JavaThread "jar transforms Thread 223" [_thread_blocked, id=16616, stack(0x0000000026710000,0x0000000026810000)]
  0x0000000020bb5800 JavaThread "jar transforms Thread 222" [_thread_blocked, id=12660, stack(0x0000000026610000,0x0000000026710000)]
  0x000000002c5f0000 JavaThread "jar transforms Thread 221" [_thread_blocked, id=25684, stack(0x0000000026510000,0x0000000026610000)]
  0x000000002c5ef800 JavaThread "jar transforms Thread 220" [_thread_blocked, id=19648, stack(0x0000000026410000,0x0000000026510000)]
  0x000000002c5ee800 JavaThread "jar transforms Thread 219" [_thread_blocked, id=23560, stack(0x0000000026310000,0x0000000026410000)]
  0x000000002c5f5800 JavaThread "jar transforms Thread 218" [_thread_blocked, id=24568, stack(0x0000000026210000,0x0000000026310000)]
  0x000000002c5ee000 JavaThread "jar transforms Thread 217" [_thread_blocked, id=15156, stack(0x0000000026110000,0x0000000026210000)]
  0x000000002c5f4800 JavaThread "jar transforms Thread 216" [_thread_blocked, id=22176, stack(0x0000000026010000,0x0000000026110000)]
  0x000000002c5ed000 JavaThread "jar transforms Thread 215" [_thread_blocked, id=18828, stack(0x0000000025f10000,0x0000000026010000)]
  0x000000002c5f3000 JavaThread "jar transforms Thread 214" [_thread_blocked, id=7808, stack(0x0000000025e10000,0x0000000025f10000)]
  0x000000002c5f4000 JavaThread "jar transforms Thread 213" [_thread_blocked, id=20840, stack(0x0000000025d10000,0x0000000025e10000)]
  0x000000002c5f1800 JavaThread "jar transforms Thread 212" [_thread_blocked, id=13616, stack(0x0000000025c10000,0x0000000025d10000)]
  0x000000002c5ec800 JavaThread "jar transforms Thread 211" [_thread_blocked, id=12668, stack(0x0000000025b10000,0x0000000025c10000)]
  0x000000002c5f1000 JavaThread "jar transforms Thread 210" [_thread_blocked, id=24572, stack(0x0000000025a10000,0x0000000025b10000)]
  0x000000002c5f2800 JavaThread "jar transforms Thread 209" [_thread_blocked, id=21040, stack(0x0000000025910000,0x0000000025a10000)]
  0x000000002c5e5000 JavaThread "jar transforms Thread 208" [_thread_blocked, id=17596, stack(0x0000000025810000,0x0000000025910000)]
  0x000000002c5e8800 JavaThread "jar transforms Thread 207" [_thread_blocked, id=20144, stack(0x0000000025710000,0x0000000025810000)]
  0x000000002c5eb800 JavaThread "jar transforms Thread 206" [_thread_blocked, id=21176, stack(0x0000000025610000,0x0000000025710000)]
  0x000000002c5e8000 JavaThread "jar transforms Thread 205" [_thread_blocked, id=22636, stack(0x0000000025510000,0x0000000025610000)]
  0x000000002c5e6800 JavaThread "jar transforms Thread 204" [_thread_blocked, id=14624, stack(0x0000000025410000,0x0000000025510000)]
  0x000000002c5e7000 JavaThread "jar transforms Thread 203" [_thread_blocked, id=17816, stack(0x0000000025310000,0x0000000025410000)]
  0x000000002c5eb000 JavaThread "jar transforms Thread 202" [_thread_blocked, id=21008, stack(0x0000000025210000,0x0000000025310000)]
  0x000000002c5ea000 JavaThread "jar transforms Thread 201" [_thread_blocked, id=20940, stack(0x0000000025110000,0x0000000025210000)]
  0x000000002c5e9800 JavaThread "jar transforms Thread 200" [_thread_blocked, id=21584, stack(0x0000000025010000,0x0000000025110000)]
  0x000000002c5e3800 JavaThread "jar transforms Thread 199" [_thread_blocked, id=5920, stack(0x0000000024f10000,0x0000000025010000)]
  0x000000002c5e4000 JavaThread "jar transforms Thread 198" [_thread_blocked, id=18916, stack(0x0000000024e10000,0x0000000024f10000)]
  0x000000002c5e5800 JavaThread "jar transforms Thread 197" [_thread_blocked, id=10084, stack(0x0000000024d10000,0x0000000024e10000)]
  0x000000002c5dc000 JavaThread "jar transforms Thread 196" [_thread_blocked, id=24088, stack(0x0000000024c10000,0x0000000024d10000)]
  0x000000002c5e2800 JavaThread "jar transforms Thread 195" [_thread_blocked, id=17880, stack(0x0000000024b10000,0x0000000024c10000)]
  0x000000002c5e2000 JavaThread "jar transforms Thread 194" [_thread_blocked, id=2312, stack(0x0000000024a10000,0x0000000024b10000)]
  0x000000002c5e1000 JavaThread "jar transforms Thread 193" [_thread_blocked, id=23420, stack(0x0000000024910000,0x0000000024a10000)]
  0x000000002c5e0800 JavaThread "jar transforms Thread 192" [_thread_blocked, id=20916, stack(0x0000000024810000,0x0000000024910000)]
  0x000000002c5d8800 JavaThread "jar transforms Thread 191" [_thread_blocked, id=23268, stack(0x0000000024710000,0x0000000024810000)]
  0x000000002c5df800 JavaThread "jar transforms Thread 190" [_thread_blocked, id=23624, stack(0x0000000024610000,0x0000000024710000)]
  0x000000002c5db000 JavaThread "jar transforms Thread 189" [_thread_blocked, id=11148, stack(0x0000000024510000,0x0000000024610000)]
  0x000000002c5df000 JavaThread "jar transforms Thread 188" [_thread_blocked, id=19324, stack(0x0000000024410000,0x0000000024510000)]
  0x000000002c5dd800 JavaThread "jar transforms Thread 187" [_thread_blocked, id=9596, stack(0x0000000024310000,0x0000000024410000)]
  0x000000002c5de000 JavaThread "jar transforms Thread 186" [_thread_blocked, id=23080, stack(0x0000000024210000,0x0000000024310000)]
  0x000000002c5d6800 JavaThread "jar transforms Thread 185" [_thread_blocked, id=12788, stack(0x0000000024110000,0x0000000024210000)]
  0x00000000226a6800 JavaThread "Build operations Thread 8" [_thread_blocked, id=9276, stack(0x0000000024010000,0x0000000024110000)]
  0x00000000226a5000 JavaThread "Build operations Thread 7" [_thread_blocked, id=3192, stack(0x0000000023f10000,0x0000000024010000)]
  0x00000000226a6000 JavaThread "Build operations Thread 6" [_thread_blocked, id=17460, stack(0x0000000023e10000,0x0000000023f10000)]
  0x00000000226a4800 JavaThread "Build operations Thread 5" [_thread_blocked, id=4364, stack(0x0000000023d10000,0x0000000023e10000)]
  0x00000000226a3800 JavaThread "Build operations Thread 4" [_thread_blocked, id=25728, stack(0x0000000023c10000,0x0000000023d10000)]
  0x00000000226a3000 JavaThread "Build operations Thread 3" [_thread_blocked, id=17608, stack(0x0000000023b10000,0x0000000023c10000)]
  0x000000002269b000 JavaThread "Build operations Thread 2" [_thread_blocked, id=17624, stack(0x0000000023310000,0x0000000023410000)]
  0x00000000226a2000 JavaThread "Build operations" [_thread_blocked, id=25928, stack(0x0000000022b10000,0x0000000022c10000)]
  0x00000000226a0800 JavaThread "Cache worker for cache directory md-rule (C:\Users\ritik\.gradle\caches\6.5\md-rule)" [_thread_blocked, id=25172, stack(0x0000000022a10000,0x0000000022b10000)]
  0x000000002269f800 JavaThread "Cache worker for cache directory md-supplier (C:\Users\ritik\.gradle\caches\6.5\md-supplier)" [_thread_blocked, id=24036, stack(0x00000000216c0000,0x00000000217c0000)]
  0x0000000022698000 JavaThread "Cache worker for checksums cache (C:\Users\ritik\AndroidStudioProjects\cmpt276-group-project\.gradle\checksums)" [_thread_blocked, id=11504, stack(0x00000000215c0000,0x00000000216c0000)]
  0x000000002269c000 JavaThread "Cache worker for file hash cache (C:\Users\ritik\AndroidStudioProjects\cmpt276-group-project\.gradle\6.5\fileHashes)" [_thread_blocked, id=20976, stack(0x000000001dc50000,0x000000001dd50000)]
  0x000000002269f000 JavaThread "Thread-267" [_thread_blocked, id=11172, stack(0x000000001d950000,0x000000001da50000)]
  0x000000002269a800 JavaThread "Stdin handler" [_thread_blocked, id=22076, stack(0x000000001d750000,0x000000001d850000)]
  0x0000000022699800 JavaThread "Asynchronous log dispatcher for DefaultDaemonConnection: socket connection from /127.0.0.1:54235 to /127.0.0.1:56185" [_thread_blocked, id=21188, stack(0x000000001d650000,0x000000001d750000)]
  0x0000000022697800 JavaThread "Daemon worker Thread 2" [_thread_blocked, id=14576, stack(0x000000001d350000,0x000000001d450000)]
  0x000000002269e000 JavaThread "Cancel handler" [_thread_blocked, id=16312, stack(0x00000000015d0000,0x00000000016d0000)]
  0x0000000022699000 JavaThread "Handler for socket connection from /127.0.0.1:54235 to /127.0.0.1:56185" [_thread_in_native, id=23932, stack(0x00000000014d0000,0x00000000015d0000)]
  0x000000002269d800 JavaThread "Daemon Thread 2" [_thread_blocked, id=13096, stack(0x00000000013d0000,0x00000000014d0000)]
  0x0000000020484800 JavaThread "Cache worker for Java compile cache (C:\Users\ritik\.gradle\caches\6.5\javaCompile)" [_thread_blocked, id=2904, stack(0x000000002d8a0000,0x000000002d9a0000)]
  0x0000000020bbf800 JavaThread "Memory manager" [_thread_blocked, id=9900, stack(0x000000002a810000,0x000000002a910000)]
  0x000000001dee9800 JavaThread "Cache worker for file content cache (C:\Users\ritik\.gradle\caches\6.5\fileContent)" [_thread_blocked, id=2536, stack(0x0000000023410000,0x0000000023510000)]
  0x000000001deeb000 JavaThread "Cache worker for execution history cache (C:\Users\ritik\.gradle\caches\6.5\executionHistory)" [_thread_blocked, id=9496, stack(0x0000000022c10000,0x0000000022d10000)]
  0x000000001deed800 JavaThread "Cache worker for file hash cache (C:\Users\ritik\.gradle\caches\6.5\fileHashes)" [_thread_blocked, id=24492, stack(0x000000001f120000,0x000000001f220000)]
  0x000000001dee7800 JavaThread "File lock request listener" [_thread_in_native, id=19192, stack(0x000000001f020000,0x000000001f120000)]
  0x000000001c286800 JavaThread "Cache worker for journal cache (C:\Users\ritik\.gradle\caches\journal-1)" [_thread_blocked, id=15556, stack(0x000000001ef20000,0x000000001f020000)]
  0x000000001b87c800 JavaThread "Daemon periodic checks" [_thread_blocked, id=22380, stack(0x000000001d250000,0x000000001d350000)]
  0x000000001bb7a800 JavaThread "Incoming local TCP Connector on port 54235" [_thread_in_native, id=9912, stack(0x000000001d010000,0x000000001d110000)]
  0x000000001c1a7000 JavaThread "Daemon health stats" [_thread_blocked, id=15208, stack(0x000000001c9d0000,0x000000001cad0000)]
  0x000000001a1ca800 JavaThread "Service Thread" daemon [_thread_blocked, id=23484, stack(0x000000001ae00000,0x000000001af00000)]
  0x000000001a159800 JavaThread "C1 CompilerThread3" daemon [_thread_blocked, id=1508, stack(0x000000001ad00000,0x000000001ae00000)]
=>0x000000001a13d800 JavaThread "C2 CompilerThread2" daemon [_thread_in_native, id=18436, stack(0x000000001ac00000,0x000000001ad00000)]
  0x000000001a138000 JavaThread "C2 CompilerThread1" daemon [_thread_in_native, id=10508, stack(0x000000001ab00000,0x000000001ac00000)]
  0x000000001a131800 JavaThread "C2 CompilerThread0" daemon [_thread_in_native, id=8568, stack(0x000000001aa00000,0x000000001ab00000)]
  0x000000001a130800 JavaThread "Attach Listener" daemon [_thread_blocked, id=7880, stack(0x000000001a900000,0x000000001aa00000)]
  0x000000001a12f800 JavaThread "Signal Dispatcher" daemon [_thread_blocked, id=22084, stack(0x000000001a800000,0x000000001a900000)]
  0x000000001a120800 JavaThread "Finalizer" daemon [_thread_blocked, id=16496, stack(0x000000001a600000,0x000000001a700000)]
  0x000000001831c800 JavaThread "Reference Handler" daemon [_thread_blocked, id=2824, stack(0x000000001a500000,0x000000001a600000)]
  0x00000000031b2800 JavaThread "main" [_thread_blocked, id=22308, stack(0x00000000030b0000,0x00000000031b0000)]

Other Threads:
  0x0000000018315800 VMThread [stack: 0x000000001a000000,0x000000001a100000] [id=2948]
  0x000000001a1cb800 WatcherThread [stack: 0x000000001af00000,0x000000001b000000] [id=17744]

VM state:not at safepoint (normal execution)

VM Mutex/Monitor currently owned by a thread: None

heap address: 0x0000000080000000, size: 2048 MB, Compressed Oops mode: 32-bit
Narrow klass base: 0x0000000000000000, Narrow klass shift: 3
Compressed class space size: 1073741824 Address: 0x0000000100000000

Heap:
 PSYoungGen      total 656896K, used 407606K [0x00000000d5580000, 0x00000000fff00000, 0x0000000100000000)
  eden space 623104K, 65% used [0x00000000d5580000,0x00000000ee38db50,0x00000000fb600000)
  from space 33792K, 0% used [0x00000000fd580000,0x00000000fd580000,0x00000000ff680000)
  to   space 32256K, 0% used [0x00000000fb600000,0x00000000fb600000,0x00000000fd580000)
 ParOldGen       total 155648K, used 55223K [0x0000000080000000, 0x0000000089800000, 0x00000000d5580000)
  object space 155648K, 35% used [0x0000000080000000,0x00000000835ede98,0x0000000089800000)
 Metaspace       used 92954K, capacity 97422K, committed 99864K, reserved 1136640K
  class space    used 12146K, capacity 12963K, committed 13616K, reserved 1048576K

Card table byte_map: [0x0000000012670000,0x0000000012a80000] byte_map_base: 0x0000000012270000

Marking Bits: (ParMarkBitMap*) 0x000000005a32f030
 Begin Bits: [0x0000000013530000, 0x0000000015530000)
 End Bits:   [0x0000000015530000, 0x0000000017530000)

Polling page: 0x0000000001710000

CodeCache: size=245760Kb used=47887Kb max_used=47887Kb free=197872Kb
 bounds [0x00000000032b0000, 0x00000000061b0000, 0x00000000122b0000]
 total_blobs=15112 nmethods=14236 adapters=786
 compilation: enabled

Compilation events (10 events):
Event: 556.029 Thread 0x000000001a159800 17703       3       com.google.common.collect.Synchronized$SynchronizedListMultimap::get (6 bytes)
Event: 556.029 Thread 0x000000001a159800 nmethod 17703 0x0000000006186610 code [0x00000000061867c0, 0x0000000006186f78]
Event: 556.030 Thread 0x000000001a138000 17704   !   4       org.gradle.internal.typeconversion.ErrorHandlingNotationParser::parseNotation (98 bytes)
Event: 556.030 Thread 0x000000001a159800 17705       1       org.gradle.internal.service.scopes.ProjectScopeServices::access$100 (5 bytes)
Event: 556.030 Thread 0x000000001a159800 nmethod 17705 0x0000000006186290 code [0x00000000061863e0, 0x00000000061864d0]
Event: 556.034 Thread 0x000000001a159800 17707       3       org.gradle.internal.resources.AbstractTrackedResourceLock::<init> (26 bytes)
Event: 556.034 Thread 0x000000001a159800 nmethod 17707 0x0000000006182350 code [0x00000000061824a0, 0x00000000061826b0]
Event: 556.034 Thread 0x000000001a159800 17708   !   3       java.util.concurrent.LinkedBlockingQueue::signalNotEmpty (33 bytes)
Event: 556.035 Thread 0x000000001a159800 nmethod 17708 0x00000000061a67d0 code [0x00000000061a69c0, 0x00000000061a7318]
Event: 556.035 Thread 0x000000001a159800 17709       3       org.gradle.internal.work.DefaultWorkerLeaseService$WorkerLeaseLockRegistry$1::create (13 bytes)

GC Heap History (10 events):
Event: 19.811 GC heap before
{Heap before GC invocations=12 (full 3):
 PSYoungGen      total 484864K, used 19953K [0x00000000d5580000, 0x00000000f8600000, 0x0000000100000000)
  eden space 464896K, 0% used [0x00000000d5580000,0x00000000d5580000,0x00000000f1b80000)
  from space 19968K, 99% used [0x00000000f1b80000,0x00000000f2efc758,0x00000000f2f00000)
  to   space 24064K, 0% used [0x00000000f6e80000,0x00000000f6e80000,0x00000000f8600000)
 ParOldGen       total 73216K, used 22959K [0x0000000080000000, 0x0000000084780000, 0x00000000d5580000)
  object space 73216K, 31% used [0x0000000080000000,0x000000008166bf50,0x0000000084780000)
 Metaspace       used 56520K, capacity 58942K, committed 59160K, reserved 1099776K
  class space    used 7740K, capacity 8220K, committed 8240K, reserved 1048576K
Event: 20.058 GC heap after
Heap after GC invocations=12 (full 3):
 PSYoungGen      total 484864K, used 0K [0x00000000d5580000, 0x00000000f8600000, 0x0000000100000000)
  eden space 464896K, 0% used [0x00000000d5580000,0x00000000d5580000,0x00000000f1b80000)
  from space 19968K, 0% used [0x00000000f1b80000,0x00000000f1b80000,0x00000000f2f00000)
  to   space 24064K, 0% used [0x00000000f6e80000,0x00000000f6e80000,0x00000000f8600000)
 ParOldGen       total 111104K, used 34330K [0x0000000080000000, 0x0000000086c80000, 0x00000000d5580000)
  object space 111104K, 30% used [0x0000000080000000,0x00000000821869b8,0x0000000086c80000)
 Metaspace       used 56472K, capacity 58780K, committed 59160K, reserved 1099776K
  class space    used 7725K, capacity 8193K, committed 8240K, reserved 1048576K
}
Event: 43.024 GC heap before
{Heap before GC invocations=13 (full 3):
 PSYoungGen      total 484864K, used 464896K [0x00000000d5580000, 0x00000000f8600000, 0x0000000100000000)
  eden space 464896K, 100% used [0x00000000d5580000,0x00000000f1b80000,0x00000000f1b80000)
  from space 19968K, 0% used [0x00000000f1b80000,0x00000000f1b80000,0x00000000f2f00000)
  to   space 24064K, 0% used [0x00000000f6e80000,0x00000000f6e80000,0x00000000f8600000)
 ParOldGen       total 111104K, used 34330K [0x0000000080000000, 0x0000000086c80000, 0x00000000d5580000)
  object space 111104K, 30% used [0x0000000080000000,0x00000000821869b8,0x0000000086c80000)
 Metaspace       used 69937K, capacity 73224K, committed 73368K, reserved 1112064K
  class space    used 9516K, capacity 10153K, committed 10160K, reserved 1048576K
Event: 43.095 GC heap after
Heap after GC invocations=13 (full 3):
 PSYoungGen      total 542208K, used 24063K [0x00000000d5580000, 0x00000000fc200000, 0x0000000100000000)
  eden space 518144K, 0% used [0x00000000d5580000,0x00000000d5580000,0x00000000f4f80000)
  from space 24064K, 99% used [0x00000000f6e80000,0x00000000f85ffe78,0x00000000f8600000)
  to   space 31744K, 0% used [0x00000000f4f80000,0x00000000f4f80000,0x00000000f6e80000)
 ParOldGen       total 111104K, used 45350K [0x0000000080000000, 0x0000000086c80000, 0x00000000d5580000)
  object space 111104K, 40% used [0x0000000080000000,0x0000000082c49a20,0x0000000086c80000)
 Metaspace       used 69937K, capacity 73224K, committed 73368K, reserved 1112064K
  class space    used 9516K, capacity 10153K, committed 10160K, reserved 1048576K
}
Event: 59.759 GC heap before
{Heap before GC invocations=14 (full 3):
 PSYoungGen      total 542208K, used 542207K [0x00000000d5580000, 0x00000000fc200000, 0x0000000100000000)
  eden space 518144K, 100% used [0x00000000d5580000,0x00000000f4f80000,0x00000000f4f80000)
  from space 24064K, 99% used [0x00000000f6e80000,0x00000000f85ffe78,0x00000000f8600000)
  to   space 31744K, 0% used [0x00000000f4f80000,0x00000000f4f80000,0x00000000f6e80000)
 ParOldGen       total 111104K, used 45350K [0x0000000080000000, 0x0000000086c80000, 0x00000000d5580000)
  object space 111104K, 40% used [0x0000000080000000,0x0000000082c49a20,0x0000000086c80000)
 Metaspace       used 91526K, capacity 97350K, committed 97560K, reserved 1132544K
  class space    used 12388K, capacity 13491K, committed 13616K, reserved 1048576K
Event: 59.826 GC heap after
Heap after GC invocations=14 (full 3):
 PSYoungGen      total 549888K, used 23735K [0x00000000d5580000, 0x00000000ff680000, 0x0000000100000000)
  eden space 518144K, 0% used [0x00000000d5580000,0x00000000d5580000,0x00000000f4f80000)
  from space 31744K, 74% used [0x00000000f4f80000,0x00000000f66ade90,0x00000000f6e80000)
  to   space 33792K, 0% used [0x00000000fd580000,0x00000000fd580000,0x00000000ff680000)
 ParOldGen       total 111104K, used 61470K [0x0000000080000000, 0x0000000086c80000, 0x00000000d5580000)
  object space 111104K, 55% used [0x0000000080000000,0x0000000083c07a00,0x0000000086c80000)
 Metaspace       used 91526K, capacity 97350K, committed 97560K, reserved 1132544K
  class space    used 12388K, capacity 13491K, committed 13616K, reserved 1048576K
}
Event: 59.988 GC heap before
{Heap before GC invocations=15 (full 3):
 PSYoungGen      total 549888K, used 50272K [0x00000000d5580000, 0x00000000ff680000, 0x0000000100000000)
  eden space 518144K, 5% used [0x00000000d5580000,0x00000000d6f6a300,0x00000000f4f80000)
  from space 31744K, 74% used [0x00000000f4f80000,0x00000000f66ade90,0x00000000f6e80000)
  to   space 33792K, 0% used [0x00000000fd580000,0x00000000fd580000,0x00000000ff680000)
 ParOldGen       total 111104K, used 61470K [0x0000000080000000, 0x0000000086c80000, 0x00000000d5580000)
  object space 111104K, 55% used [0x0000000080000000,0x0000000083c07a00,0x0000000086c80000)
 Metaspace       used 92742K, capacity 98534K, committed 98584K, reserved 1134592K
  class space    used 12472K, capacity 13587K, committed 13616K, reserved 1048576K
Event: 60.015 GC heap after
Heap after GC invocations=15 (full 3):
 PSYoungGen      total 656896K, used 10919K [0x00000000d5580000, 0x00000000fff00000, 0x0000000100000000)
  eden space 623104K, 0% used [0x00000000d5580000,0x00000000d5580000,0x00000000fb600000)
  from space 33792K, 32% used [0x00000000fd580000,0x00000000fe029f48,0x00000000ff680000)
  to   space 32256K, 0% used [0x00000000fb600000,0x00000000fb600000,0x00000000fd580000)
 ParOldGen       total 111104K, used 61478K [0x0000000080000000, 0x0000000086c80000, 0x00000000d5580000)
  object space 111104K, 55% used [0x0000000080000000,0x0000000083c09a00,0x0000000086c80000)
 Metaspace       used 92742K, capacity 98534K, committed 98584K, reserved 1134592K
  class space    used 12472K, capacity 13587K, committed 13616K, reserved 1048576K
}
Event: 60.015 GC heap before
{Heap before GC invocations=16 (full 4):
 PSYoungGen      total 656896K, used 10919K [0x00000000d5580000, 0x00000000fff00000, 0x0000000100000000)
  eden space 623104K, 0% used [0x00000000d5580000,0x00000000d5580000,0x00000000fb600000)
  from space 33792K, 32% used [0x00000000fd580000,0x00000000fe029f48,0x00000000ff680000)
  to   space 32256K, 0% used [0x00000000fb600000,0x00000000fb600000,0x00000000fd580000)
 ParOldGen       total 111104K, used 61478K [0x0000000080000000, 0x0000000086c80000, 0x00000000d5580000)
  object space 111104K, 55% used [0x0000000080000000,0x0000000083c09a00,0x0000000086c80000)
 Metaspace       used 92742K, capacity 98534K, committed 98584K, reserved 1134592K
  class space    used 12472K, capacity 13587K, committed 13616K, reserved 1048576K
Event: 60.327 GC heap after
Heap after GC invocations=16 (full 4):
 PSYoungGen      total 656896K, used 0K [0x00000000d5580000, 0x00000000fff00000, 0x0000000100000000)
  eden space 623104K, 0% used [0x00000000d5580000,0x00000000d5580000,0x00000000fb600000)
  from space 33792K, 0% used [0x00000000fd580000,0x00000000fd580000,0x00000000ff680000)
  to   space 32256K, 0% used [0x00000000fb600000,0x00000000fb600000,0x00000000fd580000)
 ParOldGen       total 155648K, used 55223K [0x0000000080000000, 0x0000000089800000, 0x00000000d5580000)
  object space 155648K, 35% used [0x0000000080000000,0x00000000835ede98,0x0000000089800000)
 Metaspace       used 91695K, capacity 96028K, committed 98584K, reserved 1134592K
  class space    used 12097K, capacity 12920K, committed 13616K, reserved 1048576K
}

Deoptimization events (10 events):
Event: 555.848 Thread 0x0000000020483800 Uncommon trap: reason=unstable_if action=reinterpret pc=0x00000000048f1644 method=com.sun.org.apache.xerces.internal.dom.DeferredDocumentImpl.getNodeValueString(IZ)Ljava/lang/String; @ 259
Event: 555.849 Thread 0x0000000020483800 Uncommon trap: reason=unstable_if action=reinterpret pc=0x000000000472ad04 method=com.sun.org.apache.xerces.internal.dom.DeferredDocumentImpl.getLastChild(IZ)I @ 20
Event: 555.849 Thread 0x0000000020483800 Uncommon trap: reason=class_check action=maybe_recompile pc=0x0000000004a82940 method=com.android.ide.common.resources.NodeUtils.duplicateNode(Lorg/w3c/dom/Document;Lorg/w3c/dom/Node;)Lorg/w3c/dom/Node; @ 262
Event: 555.849 Thread 0x0000000020483800 Uncommon trap: reason=class_check action=maybe_recompile pc=0x00000000049c7e0c method=com.sun.org.apache.xerces.internal.dom.CharacterDataImpl.getNodeValue()Ljava/lang/String; @ 8
Event: 555.869 Thread 0x0000000020483800 Uncommon trap: reason=class_check action=maybe_recompile pc=0x00000000049e6fb8 method=com.sun.org.apache.xerces.internal.dom.NamedNodeMapImpl.item(I)Lorg/w3c/dom/Node; @ 33
Event: 556.035 Thread 0x0000000020487800 Uncommon trap: reason=class_check action=maybe_recompile pc=0x0000000003ec5700 method=java.lang.Throwable.<init>(Ljava/lang/String;Ljava/lang/Throwable;)V @ 24
Event: 556.036 Thread 0x0000000020487800 Uncommon trap: reason=class_check action=maybe_recompile pc=0x0000000003ec5700 method=java.lang.Throwable.<init>(Ljava/lang/String;Ljava/lang/Throwable;)V @ 24
Event: 556.038 Thread 0x0000000020487800 Uncommon trap: reason=unstable_if action=reinterpret pc=0x0000000005358a64 method=org.gradle.internal.operations.DefaultBuildOperationExecutor$3.stop()V @ 61
Event: 556.039 Thread 0x0000000020483800 Uncommon trap: reason=class_check action=maybe_recompile pc=0x0000000003ec5700 method=java.lang.Throwable.<init>(Ljava/lang/String;Ljava/lang/Throwable;)V @ 24
Event: 556.043 Thread 0x00000000226a6000 Uncommon trap: reason=unstable_if action=reinterpret pc=0x00000000060a7db4 method=java.util.concurrent.ConcurrentLinkedQueue.offer(Ljava/lang/Object;)Z @ 72

Classes redefined (0 events):
No events

Internal exceptions (10 events):
Event: 92.359 Thread 0x000000001e44f000 Exception <a 'sun/nio/fs/WindowsException'> (0x00000000e0dcd8a0) thrown at [C:\src\AOSP-openjdk-git\hotspot\src\share\vm\prims\jni.cpp, line 710]
Event: 92.360 Thread 0x000000001e44f000 Exception <a 'sun/nio/fs/WindowsException'> (0x00000000e0dce600) thrown at [C:\src\AOSP-openjdk-git\hotspot\src\share\vm\prims\jni.cpp, line 710]
Event: 92.628 Thread 0x000000001e44d800 Exception <a 'sun/nio/fs/WindowsException'> (0x00000000e1702540) thrown at [C:\src\AOSP-openjdk-git\hotspot\src\share\vm\prims\jni.cpp, line 710]
Event: 92.628 Thread 0x000000001e44d800 Exception <a 'sun/nio/fs/WindowsException'> (0x00000000e1703280) thrown at [C:\src\AOSP-openjdk-git\hotspot\src\share\vm\prims\jni.cpp, line 710]
Event: 93.231 Thread 0x000000001bae5000 Implicit null exception at 0x0000000003490fc1 to 0x0000000003491369
Event: 553.056 Thread 0x0000000022697800 Exception <a 'sun/nio/fs/WindowsException'> (0x00000000e892f840) thrown at [C:\src\AOSP-openjdk-git\hotspot\src\share\vm\prims\jni.cpp, line 710]
Event: 554.602 Thread 0x00000000226a5000 Implicit null exception at 0x00000000034698ab to 0x00000000034699c1
Event: 555.781 Thread 0x0000000020483800 Implicit null exception at 0x00000000049cf27f to 0x00000000049d1371
Event: 555.835 Thread 0x0000000020483800 Implicit null exception at 0x0000000006123ed7 to 0x000000000612429d
Event: 556.034 Thread 0x0000000020487800 Exception <a 'java/io/IOException': CreateProcess error=1450, Insufficient system resources exist to complete the requested service> (0x00000000edc15b20) thrown at [C:\src\AOSP-openjdk-git\hotspot\src\share\vm\prims\jni.cpp, line 737]

Events (10 events):
Event: 556.038 Thread 0x0000000020487800 DEOPT PACKING pc=0x0000000005358a64 sp=0x000000002d19e6c0
Event: 556.038 Thread 0x0000000020487800 DEOPT UNPACKING pc=0x00000000032f557b sp=0x000000002d19e6b8 mode 2
Event: 556.039 Thread 0x0000000020483800 Uncommon trap: trap_request=0xffffffde fr.pc=0x0000000003ec5700
Event: 556.039 Thread 0x0000000020483800 DEOPT PACKING pc=0x0000000003ec5700 sp=0x000000002b43c0e0
Event: 556.039 Thread 0x0000000020483800 DEOPT UNPACKING pc=0x00000000032f557b sp=0x000000002b43c0b0 mode 2
Event: 556.040 loading class org/gradle/internal/exceptions/DefaultMultiCauseException$1
Event: 556.040 loading class org/gradle/internal/exceptions/DefaultMultiCauseException$1 done
Event: 556.043 Thread 0x00000000226a6000 Uncommon trap: trap_request=0xffffff65 fr.pc=0x00000000060a7db4
Event: 556.043 Thread 0x00000000226a6000 DEOPT PACKING pc=0x00000000060a7db4 sp=0x0000000023f0ddf0
Event: 556.043 Thread 0x00000000226a6000 DEOPT UNPACKING pc=0x00000000032f557b sp=0x0000000023f0dd70 mode 2


Dynamic libraries:
0x00007ff7d17e0000 - 0x00007ff7d1811000 	C:\Program Files\Android\Android Studio\jre\bin\java.exe
0x00007ffcc7a60000 - 0x00007ffcc7c50000 	C:\WINDOWS\SYSTEM32\ntdll.dll
0x00007ffcc5ef0000 - 0x00007ffcc5fa2000 	C:\WINDOWS\System32\KERNEL32.DLL
0x00007ffcc4d10000 - 0x00007ffcc4fb5000 	C:\WINDOWS\System32\KERNELBASE.dll
0x00007ffcc7180000 - 0x00007ffcc7223000 	C:\WINDOWS\System32\ADVAPI32.dll
0x00007ffcc6de0000 - 0x00007ffcc6e7e000 	C:\WINDOWS\System32\msvcrt.dll
0x00007ffcc6d40000 - 0x00007ffcc6dd7000 	C:\WINDOWS\System32\sechost.dll
0x00007ffcc6c20000 - 0x00007ffcc6d40000 	C:\WINDOWS\System32\RPCRT4.dll
0x00007ffcc6080000 - 0x00007ffcc6214000 	C:\WINDOWS\System32\USER32.dll
0x00007ffcc5ae0000 - 0x00007ffcc5b01000 	C:\WINDOWS\System32\win32u.dll
0x00007ffcc6410000 - 0x00007ffcc6436000 	C:\WINDOWS\System32\GDI32.dll
0x00007ffcc4fc0000 - 0x00007ffcc5156000 	C:\WINDOWS\System32\gdi32full.dll
0x00007ffcc5970000 - 0x00007ffcc5a0e000 	C:\WINDOWS\System32\msvcp_win.dll
0x00007ffcc4c10000 - 0x00007ffcc4d0a000 	C:\WINDOWS\System32\ucrtbase.dll
0x00007ffcb29c0000 - 0x00007ffcb2c44000 	C:\WINDOWS\WinSxS\amd64_microsoft.windows.common-controls_6595b64144ccf1df_6.0.18362.1198_none_9e820b57e45ad92f\COMCTL32.dll
0x00007ffcc5b50000 - 0x00007ffcc5e85000 	C:\WINDOWS\System32\combase.dll
0x00007ffcc5a10000 - 0x00007ffcc5a90000 	C:\WINDOWS\System32\bcryptPrimitives.dll
0x00007ffcc5b20000 - 0x00007ffcc5b4e000 	C:\WINDOWS\System32\IMM32.DLL
0x000000005a580000 - 0x000000005a652000 	C:\Program Files\Android\Android Studio\jre\jre\bin\msvcr100.dll
0x0000000059b60000 - 0x000000005a3ab000 	C:\Program Files\Android\Android Studio\jre\jre\bin\server\jvm.dll
0x00007ffcc5b10000 - 0x00007ffcc5b18000 	C:\WINDOWS\System32\PSAPI.DLL
0x00007ffcc2670000 - 0x00007ffcc2694000 	C:\WINDOWS\SYSTEM32\WINMM.dll
0x00007ffcbf7a0000 - 0x00007ffcbf7aa000 	C:\WINDOWS\SYSTEM32\VERSION.dll
0x00007ffcb20a0000 - 0x00007ffcb20a9000 	C:\WINDOWS\SYSTEM32\WSOCK32.dll
0x00007ffcc6380000 - 0x00007ffcc63ef000 	C:\WINDOWS\System32\WS2_32.dll
0x00007ffcc2540000 - 0x00007ffcc256d000 	C:\WINDOWS\SYSTEM32\WINMMBASE.dll
0x00007ffcc5a90000 - 0x00007ffcc5ada000 	C:\WINDOWS\System32\cfgmgr32.dll
0x00007ffcbf450000 - 0x00007ffcbf45f000 	C:\Program Files\Android\Android Studio\jre\jre\bin\verify.dll
0x00007ffcbb880000 - 0x00007ffcbb8a9000 	C:\Program Files\Android\Android Studio\jre\jre\bin\java.dll
0x00007ffcbf430000 - 0x00007ffcbf446000 	C:\Program Files\Android\Android Studio\jre\jre\bin\zip.dll
0x00007ffcc64c0000 - 0x00007ffcc6ba7000 	C:\WINDOWS\System32\SHELL32.dll
0x00007ffcc6f90000 - 0x00007ffcc7039000 	C:\WINDOWS\System32\shcore.dll
0x00007ffcc5160000 - 0x00007ffcc58e1000 	C:\WINDOWS\System32\windows.storage.dll
0x00007ffcc4970000 - 0x00007ffcc4993000 	C:\WINDOWS\System32\profapi.dll
0x00007ffcc4920000 - 0x00007ffcc496a000 	C:\WINDOWS\System32\powrprof.dll
0x00007ffcc4910000 - 0x00007ffcc4920000 	C:\WINDOWS\System32\UMPDC.dll
0x00007ffcc6bc0000 - 0x00007ffcc6c12000 	C:\WINDOWS\System32\shlwapi.dll
0x00007ffcc49a0000 - 0x00007ffcc49b1000 	C:\WINDOWS\System32\kernel.appcore.dll
0x00007ffcc5950000 - 0x00007ffcc5967000 	C:\WINDOWS\System32\cryptsp.dll
0x00007ffcbb860000 - 0x00007ffcbb87a000 	C:\Program Files\Android\Android Studio\jre\jre\bin\net.dll
0x00007ffcc4100000 - 0x00007ffcc4167000 	C:\WINDOWS\system32\mswsock.dll
0x00007ffcbb840000 - 0x00007ffcbb853000 	C:\Program Files\Android\Android Studio\jre\jre\bin\nio.dll
0x00007ffcbab30000 - 0x00007ffcbab57000 	C:\Users\ritik\.gradle\native\f6784746aeab05261644944871eae4fe03e0ef1612fff0a4a95f87b438bc6780\windows-amd64\native-platform.dll
0x00007ffcbf400000 - 0x00007ffcbf40d000 	C:\Program Files\Android\Android Studio\jre\jre\bin\management.dll
0x00007ffcc3c70000 - 0x00007ffcc3ca3000 	C:\WINDOWS\system32\rsaenh.dll
0x00007ffcc4a90000 - 0x00007ffcc4ab6000 	C:\WINDOWS\System32\bcrypt.dll
0x00007ffcc4830000 - 0x00007ffcc4855000 	C:\WINDOWS\SYSTEM32\USERENV.dll
0x00007ffcc42d0000 - 0x00007ffcc42dc000 	C:\WINDOWS\SYSTEM32\CRYPTBASE.dll
0x00007ffcc3e10000 - 0x00007ffcc3e4a000 	C:\WINDOWS\SYSTEM32\IPHLPAPI.DLL
0x00007ffcc7a10000 - 0x00007ffcc7a18000 	C:\WINDOWS\System32\NSI.dll
0x00007ffcb98c0000 - 0x00007ffcb98d6000 	C:\WINDOWS\SYSTEM32\dhcpcsvc6.DLL
0x00007ffcb9a20000 - 0x00007ffcb9a3c000 	C:\WINDOWS\SYSTEM32\dhcpcsvc.DLL
0x00007ffcc3e50000 - 0x00007ffcc3f1b000 	C:\WINDOWS\SYSTEM32\DNSAPI.dll
0x00007ffcbb360000 - 0x00007ffcbb36b000 	C:\WINDOWS\SYSTEM32\WINNSI.DLL

VM Arguments:
jvm_args: -Xmx2048m -Dfile.encoding=UTF-8 -Duser.country=CA -Duser.language=en -Duser.variant 
java_command: org.gradle.launcher.daemon.bootstrap.GradleDaemon 6.5
java_class_path (initial): C:\Users\ritik\.gradle\wrapper\dists\gradle-6.5-all\2oz4ud9k3tuxjg84bbf55q0tn\gradle-6.5\lib\gradle-launcher-6.5.jar
Launcher Type: SUN_STANDARD

Environment Variables:
JAVA_HOME=C:\Program Files\Java\jre1.8.0_201
PATH=C:\Program Files (x86)\Common Files\Oracle\Java\javapath;C:\Program Files (x86)\Intel\iCLS Client\;C:\Program Files\Intel\iCLS Client\;C:\WINDOWS\system32;C:\WINDOWS;C:\WINDOWS\System32\Wbem;C:\WINDOWS\System32\WindowsPowerShell\v1.0\;C:\WINDOWS\System32\OpenSSH\;C:\Program Files (x86)\Intel\Intel(R) Management Engine Components\DAL;C:\Program Files\Intel\Intel(R) Management Engine Components\DAL;C:\Program Files (x86)\Intel\Intel(R) Management Engine Components\IPT;C:\Program Files\Intel\Intel(R) Management Engine Components\IPT;C:\Program Files\Intel\WiFi\bin\;C:\Program Files\Common Files\Intel\WirelessCommon\;C:\Program Files (x86)\Common Files\Acronis\VirtualFile\;C:\Program Files (x86)\Common Files\Acronis\VirtualFile64\;C:\Program Files (x86)\Common Files\Acronis\FileProtector\;C:\Program Files (x86)\Common Files\Acronis\FileProtector64\;C:\Program Files (x86)\Common Files\Acronis\SnapAPI\;C:\Program Files\MATLAB\R2020a\bin;C:\Program Files\Java\jre1.8.0_201\bin;C:\Program Files\Git\cmd;C:\Users\ritik\AppData\Local\Microsoft\WindowsApps;;C:\Users\ritik\AppData\Local\Programs\Microsoft VS Code\bin;C:\Program Files\JetBrains\IntelliJ IDEA Community Edition 2020.2.1\bin;
USERNAME=ritik
OS=Windows_NT
PROCESSOR_IDENTIFIER=Intel64 Family 6 Model 142 Stepping 10, GenuineIntel



---------------  S Y S T E M  ---------------

OS: Windows 10.0 , 64 bit Build 18362 (10.0.18362.1110)

CPU:total 8 (initial active 8) (4 cores per cpu, 2 threads per core) family 6 model 142 stepping 10, cmov, cx8, fxsr, mmx, sse, sse2, sse3, ssse3, sse4.1, sse4.2, popcnt, avx, avx2, aes, clmul, erms, 3dnowpref, lzcnt, ht, tsc, tscinvbit, bmi1, bmi2, adx

Memory: 4k page, physical 8272676k(1081556k free), swap 17116576k(3236k free)

vm_info: OpenJDK 64-Bit Server VM (25.242-b01) for windows-amd64 JRE (1.8.0_242-release-1644-b01), built by "builder" with MS VC++ 10.0 (VS2010)

time: Wed Dec 02 13:42:25 2020
timezone: Pacific Standard Time
elapsed time: 558 seconds (0d 0h 9m 18s)

